REPOSITORY                TAG                 IMAGE ID            CREATED             SIZE
alcher5/ubuntu-tmp-file   latest              59aa2132beb4        6 minutes ago       63.3MB
ubuntu                    18.04               2c047404e52d        10 days ago         63.3MB
nginx                     latest              bc9a0695f571        11 days ago         133MB
hello-world               latest              bf756fb1ae65        11 months ago       13.3kB

# Отличия в выводе команды docker inspect для контейнера и образа

Контейнер - это отдельный запущенный экземпляр, ссылающийся на образ и имеющий свое собственное состояние в виде добавления отдельного слоя.
Образ - это не меняющийся слепок файловой системы состоящий из нескольких слоев, в котором размещается код приложения и его окружение. 
В образ может быть добавлен верхний слой, который будет являться контейнером и содержимое которого можно изменить.

# docker inspect <u_container_id>

[
    {
        "Id": "ccec155056a96da8561217a57e281f60e65d87a50575c90525b08c0a783ec7c9",
        "Created": "2020-12-06T09:48:11.415308656Z",
        "Path": "bash",
        "Args": [],
        "State": {
            "Status": "exited",
            "Running": false,
            "Paused": false,
            "Restarting": false,
            "OOMKilled": false,
            "Dead": false,
            "Pid": 0,
            "ExitCode": 0,
            "Error": "",
            "StartedAt": "2020-12-06T09:48:11.925514754Z",
            "FinishedAt": "2020-12-06T09:48:26.195049272Z"
        },
        "Image": "sha256:59aa2132beb48cc1da8db67dfa5252d6eb14725178fa0398d12a3a92541a6090",
        "ResolvConfPath": "/var/lib/docker/containers/ccec155056a96da8561217a57e281f60e65d87a50575c90525b08c0a783ec7c9/resolv.conf",
        "HostnamePath": "/var/lib/docker/containers/ccec155056a96da8561217a57e281f60e65d87a50575c90525b08c0a783ec7c9/hostname",
        "HostsPath": "/var/lib/docker/containers/ccec155056a96da8561217a57e281f60e65d87a50575c90525b08c0a783ec7c9/hosts",
        "LogPath": "/var/lib/docker/containers/ccec155056a96da8561217a57e281f60e65d87a50575c90525b08c0a783ec7c9/ccec155056a96da8561217a57e281f60e65d87a50575c90525b08c0a783ec7c9-json.log",
        "Name": "/stupefied_pike",
        "RestartCount": 0,
        "Driver": "overlay2",
        "Platform": "linux",
        "MountLabel": "",
        "ProcessLabel": "",
        "AppArmorProfile": "",
        "ExecIDs": null,
        "HostConfig": {
            "Binds": null,
            "ContainerIDFile": "",
            "LogConfig": {
                "Type": "json-file",
                "Config": {}
            },
            "NetworkMode": "default",
            "PortBindings": {},
            "RestartPolicy": {
                "Name": "no",
                "MaximumRetryCount": 0
            },
            "AutoRemove": false,
            "VolumeDriver": "",
            "VolumesFrom": null,
            "CapAdd": null,
            "CapDrop": null,
            "Capabilities": null,
            "Dns": [],
            "DnsOptions": [],
            "DnsSearch": [],
            "ExtraHosts": null,
            "GroupAdd": null,
            "IpcMode": "private",
            "Cgroup": "",
            "Links": null,
            "OomScoreAdj": 0,
            "PidMode": "",
            "Privileged": false,
            "PublishAllPorts": false,
            "ReadonlyRootfs": false,
            "SecurityOpt": null,
            "UTSMode": "",
            "UsernsMode": "",
            "ShmSize": 67108864,
            "Runtime": "runc",
            "ConsoleSize": [
                0,
                0
            ],
            "Isolation": "",
            "CpuShares": 0,
            "Memory": 0,
            "NanoCpus": 0,
            "CgroupParent": "",
            "BlkioWeight": 0,
            "BlkioWeightDevice": [],
            "BlkioDeviceReadBps": null,
            "BlkioDeviceWriteBps": null,
            "BlkioDeviceReadIOps": null,
            "BlkioDeviceWriteIOps": null,
            "CpuPeriod": 0,
            "CpuQuota": 0,
            "CpuRealtimePeriod": 0,
            "CpuRealtimeRuntime": 0,
            "CpusetCpus": "",
            "CpusetMems": "",
            "Devices": [],
            "DeviceCgroupRules": null,
            "DeviceRequests": null,
            "KernelMemory": 0,
            "KernelMemoryTCP": 0,
            "MemoryReservation": 0,
            "MemorySwap": 0,
            "MemorySwappiness": null,
            "OomKillDisable": false,
            "PidsLimit": null,
            "Ulimits": null,
            "CpuCount": 0,
            "CpuPercent": 0,
            "IOMaximumIOps": 0,
            "IOMaximumBandwidth": 0,
            "MaskedPaths": [
                "/proc/asound",
                "/proc/acpi",
                "/proc/kcore",
                "/proc/keys",
                "/proc/latency_stats",
                "/proc/timer_list",
                "/proc/timer_stats",
                "/proc/sched_debug",
                "/proc/scsi",
                "/sys/firmware"
            ],
            "ReadonlyPaths": [
                "/proc/bus",
                "/proc/fs",
                "/proc/irq",
                "/proc/sys",
                "/proc/sysrq-trigger"
            ]
        },
        "GraphDriver": {
            "Data": {
                "LowerDir": "/var/lib/docker/overlay2/d091e831b8093fffcdc31c08f3b68b52c644a6fcc07cfa363274e9c8a083d535-init/diff:/var/lib/docker/overlay2/233e0ec7110c69d53a70aeef3da152d3c4512ed08d1d7849d29af8c2d9b3c0a0/diff:/var/lib/docker/overlay2/a569e15fd6fb683b061ea6990c5607bb675988d3162ea63bfda715cb71c9716c/diff:/var/lib/docker/overlay2/46fb3ac66dc3b70ca170ced91b6eb6994135776413cf571c9db15bc45832e893/diff:/var/lib/docker/overlay2/c14f545bd360025fe0fc0669a109b079492cc190c12eb6548870995ec16d6ca8/diff",
                "MergedDir": "/var/lib/docker/overlay2/d091e831b8093fffcdc31c08f3b68b52c644a6fcc07cfa363274e9c8a083d535/merged",
                "UpperDir": "/var/lib/docker/overlay2/d091e831b8093fffcdc31c08f3b68b52c644a6fcc07cfa363274e9c8a083d535/diff",
                "WorkDir": "/var/lib/docker/overlay2/d091e831b8093fffcdc31c08f3b68b52c644a6fcc07cfa363274e9c8a083d535/work"
            },
            "Name": "overlay2"
        },
        "Mounts": [],
        "Config": {
            "Hostname": "ccec155056a9",
            "Domainname": "",
            "User": "",
            "AttachStdin": true,
            "AttachStdout": true,
            "AttachStderr": true,
            "Tty": true,
            "OpenStdin": true,
            "StdinOnce": true,
            "Env": [
                "PATH=/usr/local/sbin:/usr/local/bin:/usr/sbin:/usr/bin:/sbin:/bin"
            ],
            "Cmd": [
                "bash"
            ],
            "Image": "59aa2132beb4",
            "Volumes": null,
            "WorkingDir": "",
            "Entrypoint": null,
            "OnBuild": null,
            "Labels": {}
        },
        "NetworkSettings": {
            "Bridge": "",
            "SandboxID": "1b981b5d1255b1d36f0fef0d4efc446f8d533d816361ee64caaa8be1817fe46f",
            "HairpinMode": false,
            "LinkLocalIPv6Address": "",
            "LinkLocalIPv6PrefixLen": 0,
            "Ports": {},
            "SandboxKey": "/var/run/docker/netns/1b981b5d1255",
            "SecondaryIPAddresses": null,
            "SecondaryIPv6Addresses": null,
            "EndpointID": "",
            "Gateway": "",
            "GlobalIPv6Address": "",
            "GlobalIPv6PrefixLen": 0,
            "IPAddress": "",
            "IPPrefixLen": 0,
            "IPv6Gateway": "",
            "MacAddress": "",
            "Networks": {
                "bridge": {
                    "IPAMConfig": null,
                    "Links": null,
                    "Aliases": null,
                    "NetworkID": "807277213b6c14ca4361a5c6e24bc1baa1b730533fc1ac89db1b794f3a7f3e58",
                    "EndpointID": "",
                    "Gateway": "",
                    "IPAddress": "",
                    "IPPrefixLen": 0,
                    "IPv6Gateway": "",
                    "GlobalIPv6Address": "",
                    "GlobalIPv6PrefixLen": 0,
                    "MacAddress": "",
                    "DriverOpts": null
                }
            }
        }
    }
]

# docker inspect <u_image_id>

[
    {
        "Id": "sha256:59aa2132beb48cc1da8db67dfa5252d6eb14725178fa0398d12a3a92541a6090",
        "RepoTags": [
            "alcher5/ubuntu-tmp-file:latest"
        ],
        "RepoDigests": [],
        "Parent": "sha256:2c047404e52d7f17bdac4121a13cd844447b74e13063f8cb8f8b314467feed06",
        "Comment": "",
        "Created": "2020-12-06T09:16:46.088302049Z",
        "Container": "4015579d5ffd66aba43d722f7ab468087299b1a088ed477fd1487c742d330ee7",
        "ContainerConfig": {
            "Hostname": "4015579d5ffd",
            "Domainname": "",
            "User": "",
            "AttachStdin": true,
            "AttachStdout": true,
            "AttachStderr": true,
            "Tty": true,
            "OpenStdin": true,
            "StdinOnce": true,
            "Env": [
                "PATH=/usr/local/sbin:/usr/local/bin:/usr/sbin:/usr/bin:/sbin:/bin"
            ],
            "Cmd": [
                "bash"
            ],
            "Image": "ubuntu:18.04",
            "Volumes": null,
            "WorkingDir": "",
            "Entrypoint": null,
            "OnBuild": null,
            "Labels": {}
        },
        "DockerVersion": "19.03.14",
        "Author": "",
        "Config": {
            "Hostname": "4015579d5ffd",
            "Domainname": "",
            "User": "",
            "AttachStdin": true,
            "AttachStdout": true,
            "AttachStderr": true,
            "Tty": true,
            "OpenStdin": true,
            "StdinOnce": true,
            "Env": [
                "PATH=/usr/local/sbin:/usr/local/bin:/usr/sbin:/usr/bin:/sbin:/bin"
            ],
            "Cmd": [
                "bash"
            ],
            "Image": "ubuntu:18.04",
            "Volumes": null,
            "WorkingDir": "",
            "Entrypoint": null,
            "OnBuild": null,
            "Labels": {}
        },
        "Architecture": "amd64",
        "Os": "linux",
        "Size": 63252317,
        "VirtualSize": 63252317,
        "GraphDriver": {
            "Data": {
                "LowerDir": "/var/lib/docker/overlay2/a569e15fd6fb683b061ea6990c5607bb675988d3162ea63bfda715cb71c9716c/diff:/var/lib/docker/overlay2/46fb3ac66dc3b70ca170ced91b6eb6994135776413cf571c9db15bc45832e893/diff:/var/lib/docker/overlay2/c14f545bd360025fe0fc0669a109b079492cc190c12eb6548870995ec16d6ca8/diff",
                "MergedDir": "/var/lib/docker/overlay2/233e0ec7110c69d53a70aeef3da152d3c4512ed08d1d7849d29af8c2d9b3c0a0/merged",
                "UpperDir": "/var/lib/docker/overlay2/233e0ec7110c69d53a70aeef3da152d3c4512ed08d1d7849d29af8c2d9b3c0a0/diff",
                "WorkDir": "/var/lib/docker/overlay2/233e0ec7110c69d53a70aeef3da152d3c4512ed08d1d7849d29af8c2d9b3c0a0/work"
            },
            "Name": "overlay2"
        },
        "RootFS": {
            "Type": "layers",
            "Layers": [
                "sha256:b43408d5f11b7b2faf048ae4eb25c296536c571fb2f937b4f1c3883386e93d64",
                "sha256:23135df75b44a66efa9d8dc1a10051768c27bd95388f436eb9553e0eb17211f6",
                "sha256:fe6d8881187d429af3f636c574911690455825998c9f366e985eab646665e711",
                "sha256:a0baffc2fe92a8b5b404048ae940886f2cd5aa81c5062d83b7f924ecb16b43e6"
            ]
        },
        "Metadata": {
            "LastTagTime": "2020-12-06T12:16:46.109597046+03:00"
        }
    }
]

