[    0.000000] Initializing cgroup subsys cpuset
[    0.000000] Initializing cgroup subsys cpu
[    0.000000] Initializing cgroup subsys cpuacct
[    0.000000] Linux version 4.4.0-194-generic (buildd@lcy01-amd64-020) (gcc version 5.4.0 20160609 (Ubuntu 5.4.0-6ubuntu1~16.04.12) ) #226-Ubuntu SMP Wed Oct 21 10:19:36 UTC 2020 (Ubuntu 4.4.0-194.226-generic 4.4.236)
[    0.000000] Command line: BOOT_IMAGE=/boot/vmlinuz-4.4.0-194-generic root=LABEL=cloudimg-rootfs ro console=tty1 console=ttyS0
[    0.000000] KERNEL supported cpus:
[    0.000000]   Intel GenuineIntel
[    0.000000]   AMD AuthenticAMD
[    0.000000]   Centaur CentaurHauls
[    0.000000] x86/fpu: xstate_offset[2]:  576, xstate_sizes[2]:  256
[    0.000000] x86/fpu: Supporting XSAVE feature 0x01: 'x87 floating point registers'
[    0.000000] x86/fpu: Supporting XSAVE feature 0x02: 'SSE registers'
[    0.000000] x86/fpu: Supporting XSAVE feature 0x04: 'AVX registers'
[    0.000000] x86/fpu: Enabled xstate features 0x7, context size is 832 bytes, using 'standard' format.
[    0.000000] e820: BIOS-provided physical RAM map:
[    0.000000] BIOS-e820: [mem 0x0000000000000000-0x000000000009fbff] usable
[    0.000000] BIOS-e820: [mem 0x000000000009fc00-0x000000000009ffff] reserved
[    0.000000] BIOS-e820: [mem 0x00000000000f0000-0x00000000000fffff] reserved
[    0.000000] BIOS-e820: [mem 0x0000000000100000-0x000000001ffeffff] usable
[    0.000000] BIOS-e820: [mem 0x000000001fff0000-0x000000001fffffff] ACPI data
[    0.000000] BIOS-e820: [mem 0x00000000fec00000-0x00000000fec00fff] reserved
[    0.000000] BIOS-e820: [mem 0x00000000fee00000-0x00000000fee00fff] reserved
[    0.000000] BIOS-e820: [mem 0x00000000fffc0000-0x00000000ffffffff] reserved
[    0.000000] NX (Execute Disable) protection: active
[    0.000000] SMBIOS 2.5 present.
[    0.000000] Hypervisor detected: KVM
[    0.000000] e820: last_pfn = 0x1fff0 max_arch_pfn = 0x400000000
[    0.000000] MTRR: Disabled
[    0.000000] x86/PAT: MTRRs disabled, skipping PAT initialization too.
[    0.000000] CPU MTRRs all blank - virtualized system.
[    0.000000] x86/PAT: Configuration [0-7]: WB  WT  UC- UC  WB  WT  UC- UC  
[    0.000000] found SMP MP-table at [mem 0x0009fff0-0x0009ffff] mapped at [ffff88000009fff0]
[    0.000000] Scanning 1 areas for low memory corruption
[    0.000000] RAMDISK: [mem 0x1e89b000-0x1f722fff]
[    0.000000] ACPI: Early table checksum verification disabled
[    0.000000] ACPI: RSDP 0x00000000000E0000 000024 (v02 VBOX  )
[    0.000000] ACPI: XSDT 0x000000001FFF0030 00003C (v01 VBOX   VBOXXSDT 00000001 ASL  00000061)
[    0.000000] ACPI: FACP 0x000000001FFF00F0 0000F4 (v04 VBOX   VBOXFACP 00000001 ASL  00000061)
[    0.000000] ACPI: DSDT 0x000000001FFF0470 002325 (v02 VBOX   VBOXBIOS 00000002 INTL 20160831)
[    0.000000] ACPI: FACS 0x000000001FFF0200 000040
[    0.000000] ACPI: FACS 0x000000001FFF0200 000040
[    0.000000] ACPI: APIC 0x000000001FFF0240 00005C (v02 VBOX   VBOXAPIC 00000001 ASL  00000061)
[    0.000000] ACPI: SSDT 0x000000001FFF02A0 0001CC (v01 VBOX   VBOXCPUT 00000002 INTL 20160831)
[    0.000000] No NUMA configuration found
[    0.000000] Faking a node at [mem 0x0000000000000000-0x000000001ffeffff]
[    0.000000] NODE_DATA(0) allocated [mem 0x1ffeb000-0x1ffeffff]
[    0.000000] kvm-clock: Using msrs 4b564d01 and 4b564d00
[    0.000000] kvm-clock: cpu 0, msr 0:1ffe3001, primary cpu clock
[    0.000000] kvm-clock: using sched offset of 3008504355 cycles
[    0.000000] clocksource: kvm-clock: mask: 0xffffffffffffffff max_cycles: 0x1cd42e4dffb, max_idle_ns: 881590591483 ns
[    0.000000] Zone ranges:
[    0.000000]   DMA      [mem 0x0000000000001000-0x0000000000ffffff]
[    0.000000]   DMA32    [mem 0x0000000001000000-0x000000001ffeffff]
[    0.000000]   Normal   empty
[    0.000000]   Device   empty
[    0.000000] Movable zone start for each node
[    0.000000] Early memory node ranges
[    0.000000]   node   0: [mem 0x0000000000001000-0x000000000009efff]
[    0.000000]   node   0: [mem 0x0000000000100000-0x000000001ffeffff]
[    0.000000] Initmem setup node 0 [mem 0x0000000000001000-0x000000001ffeffff]
[    0.000000] ACPI: PM-Timer IO Port: 0x4008
[    0.000000] IOAPIC[0]: apic_id 2, version 32, address 0xfec00000, GSI 0-23
[    0.000000] ACPI: INT_SRC_OVR (bus 0 bus_irq 0 global_irq 2 dfl dfl)
[    0.000000] ACPI: INT_SRC_OVR (bus 0 bus_irq 9 global_irq 9 low level)
[    0.000000] Using ACPI (MADT) for SMP configuration information
[    0.000000] smpboot: Allowing 2 CPUs, 0 hotplug CPUs
[    0.000000] PM: Registered nosave memory: [mem 0x00000000-0x00000fff]
[    0.000000] PM: Registered nosave memory: [mem 0x0009f000-0x0009ffff]
[    0.000000] PM: Registered nosave memory: [mem 0x000a0000-0x000effff]
[    0.000000] PM: Registered nosave memory: [mem 0x000f0000-0x000fffff]
[    0.000000] e820: [mem 0x20000000-0xfebfffff] available for PCI devices
[    0.000000] Booting paravirtualized kernel on KVM
[    0.000000] clocksource: refined-jiffies: mask: 0xffffffff max_cycles: 0xffffffff, max_idle_ns: 7645519600211568 ns
[    0.000000] setup_percpu: NR_CPUS:512 nr_cpumask_bits:512 nr_cpu_ids:2 nr_node_ids:1
[    0.000000] PERCPU: Embedded 33 pages/cpu @ffff88001fc00000 s95512 r8192 d31464 u1048576
[    0.000000] Built 1 zonelists in Node order, mobility grouping on.  Total pages: 128888
[    0.000000] Policy zone: DMA32
[    0.000000] Kernel command line: BOOT_IMAGE=/boot/vmlinuz-4.4.0-194-generic root=LABEL=cloudimg-rootfs ro console=tty1 console=ttyS0
[    0.000000] PID hash table entries: 2048 (order: 2, 16384 bytes)
[    0.000000] Memory: 481584K/523832K available (8640K kernel code, 1337K rwdata, 4040K rodata, 1492K init, 1296K bss, 42248K reserved, 0K cma-reserved)
[    0.000000] SLUB: HWalign=64, Order=0-3, MinObjects=0, CPUs=2, Nodes=1
[    0.000000] Kernel/User page tables isolation: enabled
[    0.000000] Hierarchical RCU implementation.
[    0.000000] 	Build-time adjustment of leaf fanout to 64.
[    0.000000] 	RCU restricting CPUs from NR_CPUS=512 to nr_cpu_ids=2.
[    0.000000] RCU: Adjusting geometry for rcu_fanout_leaf=64, nr_cpu_ids=2
[    0.000000] NR_IRQS:33024 nr_irqs:440 16
[    0.000000] Console: colour VGA+ 80x25
[    0.000000] console [tty1] enabled
[    0.000000] console [ttyS0] enabled
[    0.000000] tsc: Detected 3599.998 MHz processor
[    0.083035] Calibrating delay loop (skipped) preset value.. 7199.99 BogoMIPS (lpj=14399992)
[    0.084101] pid_max: default: 32768 minimum: 301
[    0.084671] ACPI: Core revision 20150930
[    0.085801] ACPI: 2 ACPI AML tables successfully acquired and loaded
[    0.086655] Security Framework initialized
[    0.087193] Yama: becoming mindful.
[    0.087684] AppArmor: AppArmor initialized
[    0.088268] Dentry cache hash table entries: 65536 (order: 7, 524288 bytes)
[    0.089094] Inode-cache hash table entries: 32768 (order: 6, 262144 bytes)
[    0.089883] Mount-cache hash table entries: 1024 (order: 1, 8192 bytes)
[    0.090629] Mountpoint-cache hash table entries: 1024 (order: 1, 8192 bytes)
[    0.091529] Initializing cgroup subsys io
[    0.092056] Initializing cgroup subsys memory
[    0.092612] Initializing cgroup subsys devices
[    0.093165] Initializing cgroup subsys freezer
[    0.093723] Initializing cgroup subsys net_cls
[    0.094300] Initializing cgroup subsys perf_event
[    0.094886] Initializing cgroup subsys net_prio
[    0.095452] Initializing cgroup subsys hugetlb
[    0.096013] Initializing cgroup subsys pids
[    0.097435] mce: CPU supports 0 MCE banks
[    0.097972] Last level iTLB entries: 4KB 128, 2MB 8, 4MB 8
[    0.098646] Last level dTLB entries: 4KB 64, 2MB 0, 4MB 0, 1GB 4
[    0.099397] Spectre V1 : Mitigation: usercopy/swapgs barriers and __user pointer sanitization
[    0.100502] Spectre V2 : Mitigation: Full generic retpoline
[    0.101155] Spectre V2 : Spectre v2 / SpectreRSB mitigation: Filling RSB on context switch
[    0.102188] Speculative Store Bypass: Vulnerable
[    0.102779] SRBDS: Unknown: Dependent on hypervisor status
[    0.103537] MDS: Vulnerable: Clear CPU buffers attempted, no microcode
[    0.106361] Freeing SMP alternatives memory: 36K
[    0.111492] ftrace: allocating 32346 entries in 127 pages
[    0.154659] smpboot: APIC(0) Converting physical 0 to logical package 0
[    0.155472] smpboot: Max logical packages: 1
[    0.156251] x2apic enabled
[    0.156829] Switched APIC routing to physical x2apic.
[    0.158258] ..TIMER: vector=0x30 apic1=0 pin1=2 apic2=-1 pin2=-1
[    0.267055] smpboot: CPU0: Intel(R) Core(TM) i5-8600K CPU @ 3.60GHz (family: 0x6, model: 0x9e, stepping: 0xa)
[    0.268425] Performance Events: unsupported p6 CPU model 158 no PMU driver, software events only.
[    0.277770] KVM setup paravirtual spinlock
[    0.278827] x86: Booting SMP configuration:
[    0.279966] .... node  #0, CPUs:      #1
[    0.282657] kvm-clock: cpu 1, msr 0:1ffe3041, secondary cpu clock
[    0.284026] mce: CPU supports 0 MCE banks
[    0.286333] x86: Booted up 1 node, 2 CPUs
[    0.287035] smpboot: Total of 2 processors activated (14399.99 BogoMIPS)
[    0.288432] devtmpfs: initialized
[    0.290180] evm: security.selinux
[    0.290675] evm: security.SMACK64
[    0.291162] evm: security.SMACK64EXEC
[    0.291723] evm: security.SMACK64TRANSMUTE
[    0.292245] evm: security.SMACK64MMAP
[    0.292731] evm: security.ima
[    0.293219] evm: security.capability
[    0.293828] clocksource: jiffies: mask: 0xffffffff max_cycles: 0xffffffff, max_idle_ns: 7645041785100000 ns
[    0.295018] futex hash table entries: 512 (order: 3, 32768 bytes)
[    0.295876] pinctrl core: initialized pinctrl subsystem
[    0.296572] RTC time: 20:48:34, date: 12/06/20
[    0.297263] NET: Registered protocol family 16
[    0.307229] cpuidle: using governor ladder
[    0.319571] cpuidle: using governor menu
[    0.320168] PCCT header not found.
[    0.320685] ACPI: bus type PCI registered
[    0.321203] acpiphp: ACPI Hot Plug PCI Controller Driver version: 0.5
[    0.322130] PCI: Using configuration type 1 for base access
[    0.336176] ACPI: Added _OSI(Module Device)
[    0.336873] ACPI: Added _OSI(Processor Device)
[    0.337555] ACPI: Added _OSI(3.0 _SCP Extensions)
[    0.338139] ACPI: Added _OSI(Processor Aggregator Device)
[    0.339342] ACPI: Executed 1 blocks of module-level executable AML code
[    0.341574] ACPI: Interpreter enabled
[    0.342105] ACPI: (supports S0 S5)
[    0.342572] ACPI: Using IOAPIC for interrupt routing
[    0.343340] PCI: Using host bridge windows from ACPI; if necessary, use "pci=nocrs" and report a bug
[    0.346901] ACPI: PCI Root Bridge [PCI0] (domain 0000 [bus 00-ff])
[    0.347686] acpi PNP0A03:00: _OSC: OS supports [ASPM ClockPM Segments MSI]
[    0.348699] acpi PNP0A03:00: _OSC: not requesting OS control; OS requires [ExtendedConfig ASPM ClockPM MSI]
[    0.349867] acpi PNP0A03:00: fail to add MMCONFIG information, can't access extended PCI configuration space under this bridge.
[    0.351387] PCI host bridge to bus 0000:00
[    0.351921] pci_bus 0000:00: root bus resource [io  0x0000-0x0cf7 window]
[    0.352677] pci_bus 0000:00: root bus resource [io  0x0d00-0xffff window]
[    0.353495] pci_bus 0000:00: root bus resource [mem 0x000a0000-0x000bffff window]
[    0.354580] pci_bus 0000:00: root bus resource [mem 0x20000000-0xfdffffff window]
[    0.355547] pci_bus 0000:00: root bus resource [bus 00-ff]
[    0.357245] pci 0000:00:01.1: legacy IDE quirk: reg 0x10: [io  0x01f0-0x01f7]
[    0.358042] pci 0000:00:01.1: legacy IDE quirk: reg 0x14: [io  0x03f6]
[    0.358787] pci 0000:00:01.1: legacy IDE quirk: reg 0x18: [io  0x0170-0x0177]
[    0.366318] pci 0000:00:01.1: legacy IDE quirk: reg 0x1c: [io  0x0376]
[    0.373794] pci 0000:00:07.0: quirk: [io  0x4000-0x403f] claimed by PIIX4 ACPI
[    0.374830] pci 0000:00:07.0: quirk: [io  0x4100-0x410f] claimed by PIIX4 SMB
[    0.379384] ACPI: PCI Interrupt Link [LNKA] (IRQs 5 9 10 *11)
[    0.380553] ACPI: PCI Interrupt Link [LNKB] (IRQs 5 9 *10 11)
[    0.381535] ACPI: PCI Interrupt Link [LNKC] (IRQs 5 *9 10 11)
[    0.382514] ACPI: PCI Interrupt Link [LNKD] (IRQs 5 9 10 *11)
[    0.383566] ACPI: Enabled 2 GPEs in block 00 to 07
[    0.384467] vgaarb: setting as boot device: PCI:0000:00:02.0
[    0.385123] vgaarb: device added: PCI:0000:00:02.0,decodes=io+mem,owns=io+mem,locks=none
[    0.386121] vgaarb: loaded
[    0.386532] vgaarb: bridge control possible 0000:00:02.0
[    0.387373] SCSI subsystem initialized
[    0.387985] ACPI: bus type USB registered
[    0.388527] usbcore: registered new interface driver usbfs
[    0.389185] usbcore: registered new interface driver hub
[    0.389831] usbcore: registered new device driver usb
[    0.390583] PCI: Using ACPI for IRQ routing
[    0.391372] NetLabel: Initializing
[    0.391847] NetLabel:  domain hash size = 128
[    0.392398] NetLabel:  protocols = UNLABELED CIPSOv4
[    0.393016] NetLabel:  unlabeled traffic allowed by default
[    0.393753] amd_nb: Cannot enumerate AMD northbridges
[    0.394458] clocksource: Switched to clocksource kvm-clock
[    0.399037] AppArmor: AppArmor Filesystem Enabled
[    0.399699] pnp: PnP ACPI init
[    0.400702] pnp: PnP ACPI: found 3 devices
[    1.465122] clocksource: acpi_pm: mask: 0xffffff max_cycles: 0xffffff, max_idle_ns: 2085701024 ns
[    1.466292] NET: Registered protocol family 2
[    1.466955] TCP established hash table entries: 4096 (order: 3, 32768 bytes)
[    1.467753] TCP bind hash table entries: 4096 (order: 4, 65536 bytes)
[    1.468490] TCP: Hash tables configured (established 4096 bind 4096)
[    1.469226] UDP hash table entries: 256 (order: 1, 8192 bytes)
[    1.469953] UDP-Lite hash table entries: 256 (order: 1, 8192 bytes)
[    1.470737] NET: Registered protocol family 1
[    1.471322] pci 0000:00:00.0: Limiting direct PCI/PCI transfers
[    1.472025] pci 0000:00:01.0: Activating ISA DMA hang workarounds
[    1.473130] Unpacking initramfs...
[    1.618583] Freeing initrd memory: 14880K
[    1.619318] clocksource: tsc: mask: 0xffffffffffffffff max_cycles: 0x33e451ab1a6, max_idle_ns: 440795278720 ns
[    1.620678] platform rtc_cmos: registered platform RTC device (no PNP device found)
[    1.621688] Scanning for low memory corruption every 60 seconds
[    1.622658] audit: initializing netlink subsys (disabled)
[    1.623333] audit: type=2000 audit(1607287720.202:1): initialized
[    1.624227] Initialise system trusted keyring
[    1.624891] HugeTLB registered 2 MB page size, pre-allocated 0 pages
[    1.626480] zbud: loaded
[    1.627155] VFS: Disk quotas dquot_6.6.0
[    1.627698] VFS: Dquot-cache hash table entries: 512 (order 0, 4096 bytes)
[    1.628665] squashfs: version 4.0 (2009/01/31) Phillip Lougher
[    1.629566] fuse init (API version 7.23)
[    1.630170] Key type big_key registered
[    1.630725] Allocating IMA MOK and blacklist keyrings.
[    1.631962] Key type asymmetric registered
[    1.632503] Asymmetric key parser 'x509' registered
[    1.633128] Block layer SCSI generic (bsg) driver version 0.4 loaded (major 249)
[    1.634144] io scheduler noop registered
[    1.634682] io scheduler deadline registered (default)
[    1.635348] io scheduler cfq registered
[    1.635915] pci_hotplug: PCI Hot Plug PCI Core version: 0.5
[    1.636645] pciehp: PCI Express Hot Plug Controller Driver version: 0.4
[    1.637547] ACPI: AC Adapter [AC] (on-line)
[    1.638122] input: Power Button as /devices/LNXSYSTM:00/LNXPWRBN:00/input/input0
[    1.639104] ACPI: Power Button [PWRF]
[    1.639635] input: Sleep Button as /devices/LNXSYSTM:00/LNXSLPBN:00/input/input1
[    1.640589] ACPI: Sleep Button [SLPF]
[    1.641218] GHES: HEST is not enabled!
[    1.641786] Serial: 8250/16550 driver, 32 ports, IRQ sharing enabled
[    1.662932] 00:02: ttyS0 at I/O 0x3f8 (irq = 4, base_baud = 115200) is a 16550A
[    1.664640] Linux agpgart interface v0.103
[    1.666162] loop: module loaded
[    1.667038] scsi host0: ata_piix
[    1.959484] scsi host1: ata_piix
[    1.960019] ata1: PATA max UDMA/33 cmd 0x1f0 ctl 0x3f6 bmdma 0xd000 irq 14
[    1.960828] ata2: PATA max UDMA/33 cmd 0x170 ctl 0x376 bmdma 0xd008 irq 15
[    1.961681] libphy: Fixed MDIO Bus: probed
[    1.962237] tun: Universal TUN/TAP device driver, 1.6
[    1.962882] tun: (C) 1999-2004 Max Krasnyansky <maxk@qualcomm.com>
[    1.963637] PPP generic driver version 2.4.2
[    1.964232] ehci_hcd: USB 2.0 'Enhanced' Host Controller (EHCI) Driver
[    1.964979] ehci-pci: EHCI PCI platform driver
[    1.965548] ehci-platform: EHCI generic platform driver
[    1.966185] ohci_hcd: USB 1.1 'Open' Host Controller (OHCI) Driver
[    1.966944] ohci-pci: OHCI PCI platform driver
[    1.967507] ohci-platform: OHCI generic platform driver
[    1.968172] uhci_hcd: USB Universal Host Controller Interface driver
[    1.968932] i8042: PNP: PS/2 Controller [PNP0303:PS2K,PNP0f03:PS2M] at 0x60,0x64 irq 1,12
[    1.970455] serio: i8042 KBD port at 0x60,0x64 irq 1
[    1.971126] serio: i8042 AUX port at 0x60,0x64 irq 12
[    1.971822] mousedev: PS/2 mouse device common for all mice
[    1.972800] input: AT Translated Set 2 keyboard as /devices/platform/i8042/serio0/input/input2
[    1.973894] rtc_cmos rtc_cmos: rtc core: registered rtc_cmos as rtc0
[    1.974758] rtc_cmos rtc_cmos: alarms up to one day, 114 bytes nvram
[    1.982245] i2c /dev entries driver
[    1.982796] device-mapper: uevent: version 1.0.3
[    1.983423] device-mapper: ioctl: 4.34.0-ioctl (2015-10-28) initialised: dm-devel@redhat.com
[    1.984489] ledtrig-cpu: registered to indicate activity on CPUs
[    1.985490] NET: Registered protocol family 10
[    1.986218] NET: Registered protocol family 17
[    1.986883] Key type dns_resolver registered
[    1.987583] registered taskstats version 1
[    1.988135] Loading compiled-in X.509 certificates
[    1.989132] Loaded X.509 cert 'Build time autogenerated kernel key: 12717d7bded22cc9f4c9021cf049cb5c0a2cb7b0'
[    1.990331] zswap: loaded using pool lzo/zbud
[    1.992218] Key type trusted registered
[    2.516988] Key type encrypted registered
[    2.517585] AppArmor: AppArmor sha1 policy hashing enabled
[    2.518230] ima: No TPM chip found, activating TPM-bypass!
[    2.518937] ima: Allocated hash algorithm: sha1
[    2.519517] evm: HMAC attrs: 0x1
[    2.523396]   Magic number: 0:398:851
[    2.523897]  index3: hash matches
[    2.524406]  index3: hash matches
[    2.524925] rtc_cmos rtc_cmos: setting system clock to 2020-12-06 20:48:36 UTC (1607287716)
[    2.526045] BIOS EDD facility v0.16 2004-Jun-25, 0 devices found
[    2.526766] EDD information not available.
[    2.528106] Freeing unused kernel memory: 1492K
[    2.538601] Write protecting the kernel read-only data: 14336k
[    2.539704] Freeing unused kernel memory: 1588K
[    2.540426] Freeing unused kernel memory: 56K
Loading, please wait...
starting version 229
[    2.549831] random: systemd-udevd: uninitialized urandom read (16 bytes read, 3 bits of entropy available)
[    2.550280] random: udevadm: uninitialized urandom read (16 bytes read, 3 bits of entropy available)
[    2.550292] random: udevadm: uninitialized urandom read (16 bytes read, 3 bits of entropy available)
[    2.554372] random: systemd-udevd: uninitialized urandom read (16 bytes read, 3 bits of entropy available)
[    2.555660] random: systemd-udevd: uninitialized urandom read (16 bytes read, 3 bits of entropy available)
[    2.556040] random: udevadm: uninitialized urandom read (16 bytes read, 3 bits of entropy available)
[    2.556070] random: udevadm: uninitialized urandom read (16 bytes read, 3 bits of entropy available)
[    2.556160] random: udevadm: uninitialized urandom read (16 bytes read, 3 bits of entropy available)
[    2.556191] random: udevadm: uninitialized urandom read (16 bytes read, 3 bits of entropy available)
[    2.556222] random: udevadm: uninitialized urandom read (16 bytes read, 3 bits of entropy available)
[    2.580154] e1000: Intel(R) PRO/1000 Network Driver - version 7.3.21-k8-NAPI
[    2.581045] e1000: Copyright (c) 1999-2006 Intel Corporation.
[    2.585138] Fusion MPT base driver 3.04.20
[    2.585683] Copyright (c) 1999-2008 LSI Corporation
[    2.590977] Fusion MPT SPI Host driver 3.04.20
[    2.594994] AVX2 version of gcm_enc/dec engaged.
[    2.595615] AES CTR mode by8 optimization enabled
[    2.835216] input: ImExPS/2 Generic Explorer Mouse as /devices/platform/i8042/serio1/input/input4
[    2.905178] e1000 0000:00:03.0 eth0: (PCI:33MHz:32-bit) 02:e0:65:d0:24:0e
[    2.905990] e1000 0000:00:03.0 eth0: Intel(R) PRO/1000 Network Connection
[    3.629351] e1000 0000:00:08.0 eth1: (PCI:33MHz:32-bit) 08:00:27:7d:f5:96
[    3.630137] e1000 0000:00:08.0 eth1: Intel(R) PRO/1000 Network Connection
[    3.632101] e1000 0000:00:03.0 enp0s3: renamed from eth0
[    3.633275] mptbase: ioc0: Initiating bringup
[    3.642845] e1000 0000:00:08.0 enp0s8: renamed from eth1
[    3.698686] ioc0: LSI53C1030 A0: Capabilities={Initiator}
[    3.859480] scsi host2: ioc0: LSI53C1030 A0, FwRev=00000000h, Ports=1, MaxQ=256, IRQ=20
[    3.978618] scsi 2:0:0:0: Direct-Access     VBOX     HARDDISK         1.0  PQ: 0 ANSI: 5
[    3.979694] scsi target2:0:0: Beginning Domain Validation
[    3.981139] scsi target2:0:0: Domain Validation skipping write tests
[    3.981869] scsi target2:0:0: Ending Domain Validation
[    3.982526] scsi target2:0:0: asynchronous
[    3.983282] scsi 2:0:1:0: Direct-Access     VBOX     HARDDISK         1.0  PQ: 0 ANSI: 5
[    3.991051] scsi target2:0:1: Beginning Domain Validation
[    3.992169] scsi target2:0:1: Domain Validation skipping write tests
[    3.993150] scsi target2:0:1: Ending Domain Validation
[    3.993861] scsi target2:0:1: asynchronous
[    3.997236] sd 2:0:0:0: Attached scsi generic sg0 type 0
[    3.997967] sd 2:0:0:0: [sda] 20971520 512-byte logical blocks: (10.7 GB/10.0 GiB)
[    3.999364] sd 2:0:1:0: Attached scsi generic sg1 type 0
[    4.000039] sd 2:0:1:0: [sdb] 20480 512-byte logical blocks: (10.5 MB/10.0 MiB)
[    4.001139] sd 2:0:1:0: [sdb] Write Protect is off
[    4.001808] sd 2:0:0:0: [sda] Write Protect is off
[    4.002425] sd 2:0:1:0: [sdb] Incomplete mode parameter data
[    4.003117] sd 2:0:1:0: [sdb] Assuming drive cache: write through
[    4.003908] sd 2:0:0:0: [sda] Incomplete mode parameter data
[    4.004590] sd 2:0:0:0: [sda] Assuming drive cache: write through
[    4.007714]  sda: sda1
[    4.008785] sd 2:0:0:0: [sda] Attached SCSI disk
[    4.009522] sd 2:0:1:0: [sdb] Attached SCSI disk
Begin: Loading essential drivers ... [    5.256523] md: linear personality registered for level -1
[    5.258737] md: multipath personality registered for level -4
[    5.260918] md: raid0 personality registered for level 0
[    5.263617] md: raid1 personality registered for level 1
[    5.338438] raid6: sse2x1   gen() 15326 MB/s
[    5.418166] raid6: sse2x1   xor() 12656 MB/s
[    5.486650] raid6: sse2x2   gen() 17915 MB/s
[    5.558118] raid6: sse2x2   xor() 12713 MB/s
[    5.626475] raid6: sse2x4   gen() 21479 MB/s
[    5.694710] raid6: sse2x4   xor() 13238 MB/s
[    5.766381] raid6: avx2x1   gen() 30024 MB/s
[    5.850050] raid6: avx2x2   gen() 40711 MB/s
[    5.934225] raid6: avx2x4   gen() 38028 MB/s
[    5.934835] raid6: using algorithm avx2x2 gen() 40711 MB/s
[    5.935493] raid6: using avx2x2 recovery algorithm
[    5.937089] xor: automatically using best checksumming function:
[    5.978507]    avx       : 30461.000 MB/sec
[    5.979969] async_tx: api initialized (async)
[    5.987633] md: raid6 personality registered for level 6
[    5.988302] md: raid5 personality registered for level 5
[    5.988938] md: raid4 personality registered for level 4
[    5.993840] md: raid10 personality registered for level 10
done.
Begin: Running /scripts/init-premount ... done.
Begin: Mounting root file system ... Begin: Running /scripts/local-top ... done.
Begin: Running /scripts/local-premount ... [    6.019098] Btrfs loaded
Scanning for Btrfs filesystems
done.
Warning: fsck not present, so skipping root file system
[    6.047716] EXT4-fs (sda1): mounted filesystem with ordered data mode. Opts: (null)
done.
Begin: Running /scripts/local-bottom ... done.
Begin: Running /scripts/init-bottom ... done.
[    6.130824] systemd[1]: systemd 229 running in system mode. (+PAM +AUDIT +SELINUX +IMA +APPARMOR +SMACK +SYSVINIT +UTMP +LIBCRYPTSETUP +GCRYPT +GNUTLS +ACL +XZ -LZ4 +SECCOMP +BLKID +ELFUTILS +KMOD -IDN)
[    6.132873] systemd[1]: Detected virtualization oracle.
[    6.133497] systemd[1]: Detected architecture x86-64.

Welcome to [1mUbuntu 16.04.7 LTS[0m!

[    6.135915] systemd[1]: Set hostname to <ubuntu>.
[    6.138588] systemd[1]: Initializing machine ID from random generator.
[    6.139414] systemd[1]: Installed transient /etc/machine-id file.
[    6.252702] systemd[1]: Reached target User and Group Name Lookups.
[[0;32m  OK  [0m] Reached target User and Group Name Lookups.
[    6.254187] systemd[1]: Listening on udev Kernel Socket.
[[0;32m  OK  [0m] Listening on udev Kernel Socket.
[    6.255563] systemd[1]: Listening on /dev/initctl Compatibility Named Pipe.
[[0;32m  OK  [0m] Listening on /dev/initctl Compatibility Named Pipe.
[    6.257123] systemd[1]: Reached target System Time Synchronized.
[[0;32m  OK  [0m] Reached target System Time Synchronized.
[    6.258575] systemd[1]: Listening on udev Control Socket.
[[0;32m  OK  [0m] Listening on udev Control Socket.
[    6.260102] systemd[1]: Listening on Journal Audit Socket.
[[0;32m  OK  [0m] Listening on Journal Audit Socket.
[    6.261522] systemd[1]: Set up automount Arbitrary Executable File Formats File System Automount Point.
[[0;32m  OK  [0m] Set up automount Arbitrary Executab...ats File System Automount Point.
[    6.263425] systemd[1]: Started Trigger resolvconf update for networkd DNS.
[[0;32m  OK  [0m] Started Trigger resolvconf update for networkd DNS.
[    6.264854] systemd[1]: Listening on LVM2 metadata daemon socket.
[[0;32m  OK  [0m] Listening on LVM2 metadata daemon socket.
[    6.266217] systemd[1]: Listening on Journal Socket.
[[0;32m  OK  [0m] Listening on Journal Socket.
[    6.267433] systemd[1]: Listening on Journal Socket (/dev/log).
[[0;32m  OK  [0m] Listening on Journal Socket (/dev/log).
[    6.268736] systemd[1]: Listening on LVM2 poll daemon socket.
[[0;32m  OK  [0m] Listening on LVM2 poll daemon socket.
[    6.270138] systemd[1]: Created slice User and Session Slice.
[[0;32m  OK  [0m] Created slice User and Session Slice.
[    6.271579] systemd[1]: Listening on Syslog Socket.
[[0;32m  OK  [0m] Listening on Syslog Socket.
[    6.272766] systemd[1]: Reached target Encrypted Volumes.
[[0;32m  OK  [0m] Reached target Encrypted Volumes.
[    6.274036] systemd[1]: Reached target Swap.
[[0;32m  OK  [0m] Reached target Swap.
[    6.275201] systemd[1]: Listening on Device-mapper event daemon FIFOs.
[[0;32m  OK  [0m] Listening on Device-mapper event daemon FIFOs.
[    6.276930] systemd[1]: Created slice System Slice.
[[0;32m  OK  [0m] Created slice System Slice.
[    6.290717] systemd[1]: Starting Remount Root and Kernel File Systems...
         Starting Remount Root and Kernel File Systems...
[    6.292713] systemd[1]: Mounting Debug File System...
         Mounting Debug File System...
[    6.295785] systemd[1]: Starting Monitoring of LVM2 mirrors, snapshots etc. using dmeventd or progress polling...
         Starting Monitor[    6.297480] EXT4-fs (sda1): re-mounted. Opts: (null)
ing of LVM2 mirrors... dmeventd or progress polling...
[    6.298690] systemd[1]: Created slice system-serial\x2dgetty.slice.
[[0;32m  OK  [0m] Created slice system-serial\x2dgetty.slice.
[    6.300410] systemd[1]: Starting Nameserver information manager...
         Starting Nameserver information manager...
[    6.302150] systemd[1]: Mounting Huge Pages File System...
         Mounting Huge Pages File System...
[    6.303388] systemd[1]: Reached target Slices.
[[0;32m  OK  [0m] Reached target Slices.
[    6.306667] systemd[1]: Starting Load Kernel Modules...
         Starting Load Kernel Modules...
[    6.308385] systemd[1]: Mounting POSIX Message Queue File System...
         Mounting POSIX Message Queue File System...
[    6.311451] systemd[1]: Starting Set console keymap...
         Starting Set console keymap...
[    6.316489] systemd[1]: Starting Journal Service...
         Starting Journal Service...
[    6.317650] systemd[1]: Started Forward Password Requests to Wall Directory Watch.
[[0;32m  OK  [0m] Started Forward Password Requests to Wall Directory Watch.
[    6.319440] Loading iSCSI transport class v2.0-870.
[    6.322004] systemd[1]: Starting Uncomplicated firewall...
         Starting Uncomplicated firewall...
[    6.323772] systemd[1]: Starting Create list of required static device nodes for the current kernel...
         Starting Create list of required st... nodes for the current kernel...
[    6.332764] iscsi: registered transport (tcp)
[    6.332953] systemd[1]: Mounted Huge Pages File System.
[[0;32m  OK  [0m] Mounted Huge Pages File System.
[    6.334742] systemd[1]: Mounted Debug File System.
[[0;32m  OK  [0m] Mounted Debug File System.
[    6.336335] systemd[1]: Mounted POSIX Message Queue File System.
[[0;32m  OK  [0m] Mounted POSIX Message Queue File System.
[    6.340402] systemd[1]: Started Remount Root and Kernel File Systems.
[[0;32m  OK  [0m] Started Remount Root and Kernel File Systems.
[    6.349621] systemd[1]: Started Uncomplicated firewall.
[[0;32m  OK  [0m] Started Uncomplicated firewall.
[    6.353693] systemd[1]: Started Create list of required static device nodes for the current kernel.
[[0;32m  OK  [0m] Started Create list of required sta...ce nodes for the current kernel.
[    6.360875] systemd[1]: Started Nameserver information manager.
[[0;32m  OK  [0m] Started Nameserver information manager.
[    6.363191] systemd[1]: Started Journal Service.
[[0;32m  OK  [0m] Started Journal Service.
[[0;32m  OK  [0m] Started LVM2 metadata daemon.
         Starting Create Static Device Nodes in /dev...
         Starting Flush Journal to Persistent Storage...
         Starting udev Coldplug all Devices...
         Starting Load/Save Random Seed...
[    6.379713] systemd-journald[396]: Received request to flush runtime journal from PID 1
[[0;32m  OK  [0m] Started Load/Save Random Seed.
[[0;32m  OK  [0m] Started Set console keymap.
[[0;32m  OK  [0m] Started Flush Journal to Persistent Storage.
[    6.388561] iscsi: registered transport (iser)
[[0;32m  OK  [0m] Started Load Kernel Modules.
         Starting Apply Kernel Variables...
         Mounting FUSE Control File System...
[[0;32m  OK  [0m] Mounted FUSE Control File System.
[[0;32m  OK  [0m] Started udev Coldplug all Devices.
[[0;32m  OK  [0m] Started Create Static Device Nodes in /dev.
[[0;32m  OK  [0m] Started Apply Kernel Variables.
         Starting udev Kernel Device Manager...
[[0;32m  OK  [0m] Started udev Kernel Device Manager.
[[0;32m  OK  [0m] Started Dispatch Password Requests to Console Directory Watch.
[[0;32m  OK  [0m] Started Monitoring of LVM2 mirrors,...ng dmeventd or progress polling.
[[0;32m  OK  [0m] Reached target Local File Systems (Pre).
[[0;32m  OK  [0m] Reached target Local File Systems.
         Starting Create Volatile Files and Directories...
         Starting Commit a transient machine-id on disk...
         Starting Tell Plymouth To Write Out Runtime Data...
         Starting Initial cloud-init job (pre-networking)...
         Starting LSB: AppArmor initialization...
         Starting Set console font and keymap...
[[0;32m  OK  [0m] Started Create Volatile Files and Directories.
         Starting Update UTMP about System Boot/Shutdown...
[[0;32m  OK  [0m] Started Tell Plymouth To Write Out Runtime Data.
[[0;32m  OK  [0m] Started Update UTMP about System Boot/Shutdown.
[[0;32m  OK  [0m] Started Commit a transient machine-id on disk.
[[0;32m  OK  [0m] Found device /dev/ttyS0.
[[0;32m  OK  [0m] Listening on Load/Save RF Kill Switch Status /dev/rfkill Watch.
[[0;32m  OK  [0m] Started LSB: AppArmor initialization.
         Starting Load AppArmor profiles managed internally by snapd...
[[0;32m  OK  [0m] Started Load AppArmor profiles managed internally by snapd.
[[0;32m  OK  [0m] Started Set console font and keymap.
[[0;32m  OK  [0m] Created slice system-getty.slice.
[    7.243196] cloud-init[489]: Cloud-init v. 20.3-2-g371b392c-0ubuntu1~16.04.1 running 'init-local' at Sun, 06 Dec 2020 20:48:41 +0000. Up 6.96 seconds.
[[0;32m  OK  [0m] Started Initial cloud-init job (pre-networking).
[[0;32m  OK  [0m] Reached target Network (Pre).
         Starting Raise network interfaces...
[[0;32m  OK  [0m] Started Raise network interfaces.
[[0;32m  OK  [0m] Reached target Network.
         Starting Initial cloud-init job (metadata service crawler)...
[    8.081515] cloud-init[960]: Cloud-init v. 20.3-2-g371b392c-0ubuntu1~16.04.1 running 'init' at Sun, 06 Dec 2020 20:48:41 +0000. Up 7.65 seconds.
[    8.082634] cloud-init[960]: ci-info: ++++++++++++++++++++++++++++++++++++++Net device info+++++++++++++++++++++++++++++++++++++++
[    8.086474] cloud-init[960]: ci-info: +--------+-------+----------------------------+---------------+--------+-------------------+
[    8.087376] cloud-init[960]: ci-info: | Device |   Up  |          Address           |      Mask     | Scope  |     Hw-Address    |
[    8.088381] cloud-init[960]: ci-info: +--------+-------+----------------------------+---------------+--------+-------------------+
[    8.089376] cloud-init[960]: ci-info: | enp0s3 |  True |         10.0.2.15          | 255.255.255.0 | global | 02:e0:65:d0:24:0e |
[    8.090295] cloud-init[960]: ci-info: | enp0s3 |  True | fe80::e0:65ff:fed0:240e/64 |       .       |  link  | 02:e0:65:d0:24:0e |
[    8.091298] cloud-init[960]: ci-info: | enp0s8 | False |             .              |       .       |   .    | 08:00:27:7d:f5:96 |
[    8.092316] cloud-init[960]: ci-info: |   lo   |  True |         127.0.0.1          |   255.0.0.0   |  host  |         .         |
[    8.093296] cloud-init[960]: ci-info: |   lo   |  True |          ::1/128           |       .       |  host  |         .         |
[    8.094261] cloud-init[960]: ci-info: +--------+-------+----------------------------+---------------+--------+-------------------+
[    8.095234] cloud-init[960]: ci-info: +++++++++++++++++++++++++++Route IPv4 info++++++++++++++++++++++++++++
[    8.096099] cloud-init[960]: ci-info: +-------+-------------+----------+---------------+-----------+-------+
[    8.096957] cloud-init[960]: ci-info: | Route | Destination | Gateway  |    Genmask    | Interface | Flags |
[    8.097845] cloud-init[960]: ci-info: +-------+-------------+----------+---------------+-----------+-------+
[    8.098705] cloud-init[960]: ci-info: |   0   |   0.0.0.0   | 10.0.2.2 |    0.0.0.0    |   enp0s3  |   UG  |
[    8.099560] cloud-init[960]: ci-info: |   1   |   10.0.2.0  | 0.0.0.0  | 255.255.255.0 |   enp0s3  |   U   |
[    8.100449] cloud-init[960]: ci-info: +-------+-------------+----------+---------------+-----------+-------+
[    8.101313] cloud-init[960]: ci-info: +++++++++++++++++++Route IPv6 info+++++++++++++++++++
[    8.102064] cloud-init[960]: ci-info: +-------+-------------+---------+-----------+-------+
[    8.102879] cloud-init[960]: ci-info: | Route | Destination | Gateway | Interface | Flags |
[    8.103644] cloud-init[960]: ci-info: +-------+-------------+---------+-----------+-------+
[    8.104410] cloud-init[960]: ci-info: |   0   |  fe80::/64  |    ::   |   enp0s3  |   U   |
[    8.105168] cloud-init[960]: ci-info: |   3   |   ff00::/8  |    ::   |   enp0s3  |   U   |
[    8.105947] cloud-init[960]: ci-info: +-------+-------------+---------+-----------+-------+
[    8.106702] cloud-init[960]: Generating public/private rsa key pair.
[    8.107388] cloud-init[960]: Your identification has been saved in /etc/ssh/ssh_host_rsa_key.
[    8.108198] cloud-init[960]: Your public key has been saved in /etc/ssh/ssh_host_rsa_key.pub.
[    8.116316] cloud-init[960]: The key fingerprint is:
[    8.116873] cloud-init[960]: SHA256:dp3YrZj/Joj3LDmkcP4BQC0FIDF3WqGSshoNkZ8qFGY root@ubuntu-xenial
[    8.117866] cloud-init[960]: The key's randomart image is:
[    8.118559] cloud-init[960]: +---[RSA 2048]----+
[    8.119105] cloud-init[960]: |..+.o.*=.        |
[    8.119628] cloud-init[960]: |.E = *. .        |
[    8.124322] cloud-init[960]: |=.+.o ..         |
[    8.124845] cloud-init[960]: | *o.   .   + o   |
[    8.136279] cloud-init[960]: |+..     S o + .  |
[[0;32m  OK  [0m] Started Initial cloud-init job (metadata service crawler).
[    8.136381] cloud-init[960]: |+.    ...o.o .   |
[    8.137489] cloud-init[960]: |o      + ++o.    |
[[0;32m  OK  [0m[    8.137590] ] cloud-initReached target System Initialization.[960]: 
|        + *+. .  |
[    8.138464] cloud-init[960]: |         o.+++.  |
[    8.138564] cloud-init[960]: +----[SHA256]-----+
[    8.138819] cloud-init[960]: Generating public/private dsa key pair.
[    8.139080] cloud-init[960]: Your identification has been saved in /etc/ssh/ssh_host_dsa_key.
[    8.139360] cloud-init[960]: Your public key has been saved in /etc/ssh/ssh_host_dsa_key.pub.
[    8.139615] cloud-init[960]: The key fingerprint is:
[    8.139883] cloud-init[960]: SHA256:GJksiO/dwoBlnoafZ6fuc+XzA6uk56cnACqGEExCoFc root@ubuntu-xenial
[    8.140371] cloud-init[960]: The key's randomart image is:
[    8.140597] cloud-init[960]: +---[DSA 1024]----+
[    8.140701] cloud-init[960]: |Bo  E            |
[[0;32m  OK  [0m] Listening on ACPID Listen Socket.
[    8.140782] cloud-init[960]: |+o o . o         |
[    8.141054] cloud-init[960]: |o.= . =          |
[    8.141322] cloud-init[960]: |.O.. . o         |
[[    8.141541] cloud-init[960]: |=.*.  . S        |
[    8.144310] cloud-init[960]: |+= =..  o        |
[    8.144539] cloud-init[960]: |o + *.+o o       |
[    8.144775] cloud-init[960]: |   o.*+ * .      |
[    8.145031] cloud-init[960]: |   o==+* o..     |
[    8.145286] cloud-init[960]: +----[SHA256]-----+
[    8.145542] cloud-init[960]: Generating public/private ecdsa key pair.
[    8.145800] cloud-init[960]: Your identification has been saved in /etc/ssh/ssh_host_ecdsa_key.
[0;32m  OK  [0m] Listening on D-Bus System Message Bus Socket.
[[    8.145838] cloud-init[960]: Your public key has been saved in /etc/ssh/ssh_host_ecdsa_key.pub.
[    8.147472] cloud-init[960]: The key fingerprint is:
[    8.147703] cloud-init[960]: SHA256:H48cUrJSQP8tGheDBEVABGullBcMsqXqP/ZcekDEb7A root@ubuntu-xenial
[    8.148135] cloud-init[960]: The key's randomart image is:
[    8.148460] cloud-init[960]: +---[ECDSA 256]---+
[0;32m  OK  [0m] Started Daily Cleanup of Temporary Directories.
[[    8.148567] cloud-init[960]: |  . *OX*+        |
[    8.155701] cloud-init[960]: |   *.Bo+ .       |
[0;32m  OK  [0m] Listening on UUID daemon activation socket.
[    8.155814] cloud-init[960]: |  o =.+ = +      |
[    8.157171] cloud-init[960]: | . . E + = +     |
[    8.157264] cloud-init[960]: |.   . o S * .    |
[    8.157516] cloud-init[960]: |.    . . B *     |
[    8.157767] cloud-init[960]: | .    ... + .    |
[    8.158020] cloud-init[960]: |  .o. o.         |
[    8.158276] cloud-init[960]: |  ..o+.          |
[    8.158522] cloud-init[960]: +----[SHA256]-----+
[    8.158775] cloud-init[960]: Generating public/private ed25519 key pair.
[    8.159027] cloud-init[960]: Your identification has been saved in /etc/ssh/ssh_host_ed25519_key.
         Starting Socket activation for snappy daemon.
[[    8.159078] cloud-init[960]: Your public key has been saved in /etc/ssh/ssh_host_ed25519_key.pub.
[    8.160667] cloud-init[960]: The key fingerprint is:
[    8.160910] cloud-init[960]: SHA256:kBj6Y3vTQpk7aFsB7v8f00Ma3FhhDWygK+chfvkFH88 root@ubuntu-xenial
[    8.161162] cloud-init[960]: The key's randomart image is:
[    8.161413] cloud-init[960]: +--[ED25519 256]--+
[    8.161665] cloud-init[960]: |    .     .o+o   |
[    8.161916] cloud-init[960]: |   . o . . .o..  |
[    8.162184] cloud-init[960]: |  . o o .  ..    |
[    8.162422] cloud-init[960]: |   o . + o +     |
[    8.162668] cloud-init[960]: |    = B S = +    |
[    8.162918] cloud-init[960]: |   o * O o B +   |
[    8.163171] cloud-init[960]: |    = O = + = E  |
[    8.163420] cloud-init[960]: |   . = = . + .   |
[    8.163671] cloud-init[960]: |    . ....o      |
[    8.163948] cloud-init[960]: +----[SHA256]-----+
[0;32m  OK  [0m] Started Daily apt download activities.
[[0;32m  OK  [0m] Started Daily apt upgrade and clean activities.
[[0;32m  OK  [0m] Started Message of the Day.
[[0;32m  OK  [0m] Reached target Timers.
         Starting LXD - unix socket.
[[0;32m  OK  [0m] Started ACPI Events Check.
[[0;32m  OK  [0m] Reached target Paths.
[[0;32m  OK  [0m] Reached target Cloud-config availability.
[[0;32m  OK  [0m] Reached target Network is Online.
         Starting iSCSI initiator daemon (iscsid)...
[[0;32m  OK  [0m] Listening on Socket activation for snappy daemon.
[[0;32m  OK  [0m] Listening on LXD - unix socket.
[[0;32m  OK  [0m] Reached target Sockets.
[[0;32m  OK  [0m] Reached target Basic System.
         Starting System Logging Service...
         Starting /etc/rc.local Compatibility...
         Starting Pollinate to seed the pseudo random number generator...
         Starting LSB: Record successful boot for GRUB...
         Starting Accounts Service...
         Starting LXD - container startup/shutdown...
[[0;32m  OK  [0m] Started ACPI event daemon.
[[0;32m  OK  [0m] Started Regular background program processing daemon.
         Starting LSB: MD monitoring daemon...
[[0;32m  OK  [0m] Started D-Bus System Message Bus.
         Starting Virtualbox guest utils...
[[0;32m  OK  [0m] Started FUSE filesystem for LXC.
         Starting Snap Daemon...
         Starting Login Service...
[[0;32m  OK  [0m] Started Deferred execution scheduler.
[[0;32m  OK  [0m] Started System Logging Service.
[[0;32m  OK  [0m] Started /etc/rc.local Compatibility.
[[0;32m  OK  [0m] Started Login Service.
[[0;32m  OK  [0m] Started Unattended Upgrades Shutdown.
         Starting Authenticate and Authorize Users to Run Privileged Tasks...
[[0;32m  OK  [0m] Started iSCSI initiator daemon (iscsid).
         Starting Login to default iSCSI targets...
[[0;32m  OK  [0m] Started LSB: Record successful boot for GRUB.
[[0;32m  OK  [0m] Started LSB: MD monitoring daemon.
[[0;32m  OK  [0m] Started Login to default iSCSI targets.
[[0;32m  OK  [0m] Reached target Remote File Systems (Pre).
[[0;32m  OK  [0m] Reached target Remote File Systems.
         Starting LSB: daemon to balance interrupts for SMP systems...
         Starting Permit User Sessions...
         Starting LSB: Set the CPU Frequency Scaling governor to "ondemand"...
         Starting LSB: automatic crash report generation...
[[0;32m  OK  [0m] Started Permit User Sessions.
         Starting Terminate Plymouth Boot Screen...
         Starting Hold until boot process finishes up...
[[0;32m  OK  [0m] Started Hold until boot process finishes up.
[[0;32m  OK  [0m] Started Getty on tty1.
[[0;32m  OK  [0m] Started Serial Getty on ttyS0.
[[0;32m  OK  [0m] Reached target Login Prompts.
         Starting Set console scheme...
[[0;32m  OK  [0m] Started LSB: daemon to balance interrupts for SMP systems.
[[0;32m  OK  [0m] Started LSB: Set the CPU Frequency Scaling governor to "ondemand".
[[0;32m  OK  [0m] Started Terminate Plymouth Boot Screen.
[[0;32m  OK  [0m] Started Set console scheme.
[[0;32m  OK  [0m] Started Authenticate and Authorize Users to Run Privileged Tasks.
[[0;32m  OK  [0m] Started Accounts Service.
[[0;32m  OK  [0m] Started LXD - container startup/shutdown.
[[0;32m  OK  [0m] Started LSB: automatic crash report generation.
[[0;32m  OK  [0m] Started Virtualbox guest utils.
[[0;32m  OK  [0m] Started Snap Daemon.
         Starting Wait until snapd is fully seeded...
[[0;32m  OK  [0m] Started Pollinate to seed the pseudo random number generator.
         Starting OpenBSD Secure Shell server...
[[0;32m  OK  [0m] Started OpenBSD Secure Shell server.
[[0;32m  OK  [0m] Started Wait until snapd is fully seeded.
         Starting Apply the settings specified in cloud-config...
[[0;32m  OK  [0m] Reached target Multi-User System.
[[0;32m  OK  [0m] Reached target Graphical Interface.
         Starting Update UTMP about System Runlevel Changes...
[[0;32m  OK  [0m] Started Update UTMP about System Runlevel Changes.
[   10.913123] cloud-init[1310]: Generating locales (this might take a while)...
[   11.379021] cloud-init[1310]:   en_US.UTF-8... done
[   11.384286] cloud-init[1310]: Generation complete.
[   11.606522] cloud-init[1310]: Cloud-init v. 20.3-2-g371b392c-0ubuntu1~16.04.1 running 'modules:config' at Sun, 06 Dec 2020 20:48:44 +0000. Up 10.84 seconds.
[[0;32m  OK  [0m] Started Apply the settings specified in cloud-config.
         Starting Execute cloud user/final scripts...
ci-info: no authorized SSH keys fingerprints found for user ubuntu.
<14>Dec  6 20:48:45 ec2: 
<14>Dec  6 20:48:45 ec2: #############################################################
<14>Dec  6 20:48:45 ec2: -----BEGIN SSH HOST KEY FINGERPRINTS-----
<14>Dec  6 20:48:45 ec2: 1024 SHA256:GJksiO/dwoBlnoafZ6fuc+XzA6uk56cnACqGEExCoFc root@ubuntu-xenial (DSA)
<14>Dec  6 20:48:45 ec2: 256 SHA256:H48cUrJSQP8tGheDBEVABGullBcMsqXqP/ZcekDEb7A root@ubuntu-xenial (ECDSA)
<14>Dec  6 20:48:45 ec2: 256 SHA256:kBj6Y3vTQpk7aFsB7v8f00Ma3FhhDWygK+chfvkFH88 root@ubuntu-xenial (ED25519)
<14>Dec  6 20:48:45 ec2: 2048 SHA256:dp3YrZj/Joj3LDmkcP4BQC0FIDF3WqGSshoNkZ8qFGY root@ubuntu-xenial (RSA)
<14>Dec  6 20:48:45 ec2: -----END SSH HOST KEY FINGERPRINTS-----
<14>Dec  6 20:48:45 ec2: #############################################################
-----BEGIN SSH HOST KEY KEYS-----
ecdsa-sha2-nistp256 AAAAE2VjZHNhLXNoYTItbmlzdHAyNTYAAAAIbmlzdHAyNTYAAABBBFfnwLtNSUJnSWDbKy6nu7F9W0I/QU3gKIEw/Cg7nZ8t3/pVlC9Yoe8v/6X1UrPNue77jm8PevCc7IWwd8Bhqgw= root@ubuntu-xenial
ssh-ed25519 AAAAC3NzaC1lZDI1NTE5AAAAIHsOEoGcxZlbv6VWRMNJez44IG/SDCZxTn2nHKjHAzf/ root@ubuntu-xenial
ssh-rsa AAAAB3NzaC1yc2EAAAADAQABAAABAQC8gJsN7f46HHQDGqx6nfSyQ+mAuEvOlJifRsrzKtlzMX4nKvxQ+X2nRzOV/S3OqrEYv2OQIBjVPR/0ZFabjkrSb0cJ7dFpWKWPeFxbB3mAhgmxVy3P8CUIjoBH3lV+hdKSKHXnqboFWQRARHC30Ie4Sf72fOlhwSiSyVRbwQlCw65kCqDi8Ddk6RJnn92w88tmtE218Z/MGTPlGeNsjG8UFxbhhjzEtYohaUaikthNK0s00Qb5WXfOfPEWbm2SvNMsLPDQaVCGEqqsu7hzzJC6mjWiRk6mDrs7iY7jqZkrXKJQopb/op8zif3EcEVR6c10ILzHCwg+mhzm1qW+psQJ root@ubuntu-xenial
-----END SSH HOST KEY KEYS-----
[   11.920462] cloud-init[1353]: Cloud-init v. 20.3-2-g371b392c-0ubuntu1~16.04.1 running 'modules:final' at Sun, 06 Dec 2020 20:48:45 +0000. Up 11.83 seconds.
[   11.921611] cloud-init[1353]: ci-info: no authorized SSH keys fingerprints found for user ubuntu.
[   11.922511] cloud-init[1353]: Cloud-init v. 20.3-2-g371b392c-0ubuntu1~16.04.1 finished at Sun, 06 Dec 2020 20:48:46 +0000. Datasource DataSourceNoCloud [seed=/dev/sdb][dsmode=net].  Up 11.91 seconds
[[0;32m  OK  [0m] Started Execute cloud user/final scripts.
[[0;32m  OK  [0m] Reached target Cloud-init target.

Ubuntu 16.04.7 LTS ubuntu-xenial ttyS0

ubuntu-xenial login: 